<?xml version="1.0" encoding="UTF-8"?>
<testsuite xmlns:xsi="http://www.w3.org/2001/XMLSchema-instance" xsi:noNamespaceSchemaLocation="https://maven.apache.org/surefire/maven-surefire-plugin/xsd/surefire-test-report-3.0.xsd" version="3.0" name="TestSuite" time="47.598" tests="15" errors="0" skipped="0" failures="0">
  <properties>
    <property name="java.specification.version" value="21"/>
    <property name="webdriver.chrome.driver" value="C:\Users\Martin\.cache\selenium\chromedriver\win64\119.0.6045.105\chromedriver.exe"/>
    <property name="sun.cpu.isalist" value="amd64"/>
    <property name="sun.jnu.encoding" value="Cp1252"/>
    <property name="java.class.path" value="D:\Documentos\Practicas_Testing\Selenenium_WebDriver\Saucedemo_TestAutomationFramework\target\test-classes;D:\Documentos\Practicas_Testing\Selenenium_WebDriver\Saucedemo_TestAutomationFramework\target\classes;C:\Users\Martin\.m2\repository\org\apache\maven\plugins\maven-surefire-plugin\3.2.2\maven-surefire-plugin-3.2.2.jar;C:\Users\Martin\.m2\repository\org\apache\maven\surefire\maven-surefire-common\3.2.2\maven-surefire-common-3.2.2.jar;C:\Users\Martin\.m2\repository\org\apache\maven\surefire\surefire-api\3.2.2\surefire-api-3.2.2.jar;C:\Users\Martin\.m2\repository\org\apache\maven\surefire\surefire-logger-api\3.2.2\surefire-logger-api-3.2.2.jar;C:\Users\Martin\.m2\repository\org\apache\maven\surefire\surefire-extensions-api\3.2.2\surefire-extensions-api-3.2.2.jar;C:\Users\Martin\.m2\repository\org\apache\maven\surefire\surefire-booter\3.2.2\surefire-booter-3.2.2.jar;C:\Users\Martin\.m2\repository\org\apache\maven\surefire\surefire-extensions-spi\3.2.2\surefire-extensions-spi-3.2.2.jar;C:\Users\Martin\.m2\repository\org\eclipse\aether\aether-util\1.0.0.v20140518\aether-util-1.0.0.v20140518.jar;C:\Users\Martin\.m2\repository\org\eclipse\aether\aether-api\1.0.0.v20140518\aether-api-1.0.0.v20140518.jar;C:\Users\Martin\.m2\repository\org\apache\maven\shared\maven-common-artifact-filters\3.1.1\maven-common-artifact-filters-3.1.1.jar;C:\Users\Martin\.m2\repository\org\apache\maven\maven-artifact\3.1.0\maven-artifact-3.1.0.jar;C:\Users\Martin\.m2\repository\org\codehaus\plexus\plexus-utils\3.0.10\plexus-utils-3.0.10.jar;C:\Users\Martin\.m2\repository\org\apache\maven\maven-core\3.1.0\maven-core-3.1.0.jar;C:\Users\Martin\.m2\repository\org\apache\maven\maven-settings\3.1.0\maven-settings-3.1.0.jar;C:\Users\Martin\.m2\repository\org\apache\maven\maven-settings-builder\3.1.0\maven-settings-builder-3.1.0.jar;C:\Users\Martin\.m2\repository\org\apache\maven\maven-repository-metadata\3.1.0\maven-repository-metadata-3.1.0.jar;C:\Users\Martin\.m2\repository\org\apache\maven\maven-model-builder\3.1.0\maven-model-builder-3.1.0.jar;C:\Users\Martin\.m2\repository\org\apache\maven\maven-aether-provider\3.1.0\maven-aether-provider-3.1.0.jar;C:\Users\Martin\.m2\repository\org\eclipse\aether\aether-spi\0.9.0.M2\aether-spi-0.9.0.M2.jar;C:\Users\Martin\.m2\repository\org\eclipse\aether\aether-impl\0.9.0.M2\aether-impl-0.9.0.M2.jar;C:\Users\Martin\.m2\repository\org\eclipse\sisu\org.eclipse.sisu.plexus\0.0.0.M2a\org.eclipse.sisu.plexus-0.0.0.M2a.jar;C:\Users\Martin\.m2\repository\javax\enterprise\cdi-api\1.0\cdi-api-1.0.jar;C:\Users\Martin\.m2\repository\javax\annotation\jsr250-api\1.0\jsr250-api-1.0.jar;C:\Users\Martin\.m2\repository\javax\inject\javax.inject\1\javax.inject-1.jar;C:\Users\Martin\.m2\repository\org\sonatype\sisu\sisu-guice\3.1.0\sisu-guice-3.1.0-no_aop.jar;C:\Users\Martin\.m2\repository\aopalliance\aopalliance\1.0\aopalliance-1.0.jar;C:\Users\Martin\.m2\repository\org\eclipse\sisu\org.eclipse.sisu.inject\0.0.0.M2a\org.eclipse.sisu.inject-0.0.0.M2a.jar;C:\Users\Martin\.m2\repository\asm\asm\3.3.1\asm-3.3.1.jar;C:\Users\Martin\.m2\repository\org\codehaus\plexus\plexus-interpolation\1.16\plexus-interpolation-1.16.jar;C:\Users\Martin\.m2\repository\org\codehaus\plexus\plexus-classworlds\2.4.2\plexus-classworlds-2.4.2.jar;C:\Users\Martin\.m2\repository\org\codehaus\plexus\plexus-component-annotations\1.5.5\plexus-component-annotations-1.5.5.jar;C:\Users\Martin\.m2\repository\org\sonatype\plexus\plexus-sec-dispatcher\1.3\plexus-sec-dispatcher-1.3.jar;C:\Users\Martin\.m2\repository\org\sonatype\plexus\plexus-cipher\1.4\plexus-cipher-1.4.jar;C:\Users\Martin\.m2\repository\org\apache\maven\maven-plugin-api\3.1.0\maven-plugin-api-3.1.0.jar;C:\Users\Martin\.m2\repository\org\codehaus\plexus\plexus-java\1.2.0\plexus-java-1.2.0.jar;C:\Users\Martin\.m2\repository\org\ow2\asm\asm\9.6\asm-9.6.jar;C:\Users\Martin\.m2\repository\com\thoughtworks\qdox\qdox\2.0.3\qdox-2.0.3.jar;C:\Users\Martin\.m2\repository\org\apache\maven\surefire\surefire-shared-utils\3.2.2\surefire-shared-utils-3.2.2.jar;C:\Users\Martin\.m2\repository\com\aventstack\extentreports\5.1.1\extentreports-5.1.1.jar;C:\Users\Martin\.m2\repository\io\reactivex\rxjava3\rxjava\3.1.6\rxjava-3.1.6.jar;C:\Users\Martin\.m2\repository\org\reactivestreams\reactive-streams\1.0.4\reactive-streams-1.0.4.jar;C:\Users\Martin\.m2\repository\org\freemarker\freemarker\2.3.32\freemarker-2.3.32.jar;C:\Users\Martin\.m2\repository\org\projectlombok\lombok\1.18.26\lombok-1.18.26.jar;C:\Users\Martin\.m2\repository\com\google\code\gson\gson\2.10.1\gson-2.10.1.jar;C:\Users\Martin\.m2\repository\io\github\bonigarcia\webdrivermanager\5.6.2\webdrivermanager-5.6.2.jar;C:\Users\Martin\.m2\repository\org\slf4j\slf4j-api\2.0.9\slf4j-api-2.0.9.jar;C:\Users\Martin\.m2\repository\com\github\docker-java\docker-java\3.3.4\docker-java-3.3.4.jar;C:\Users\Martin\.m2\repository\com\github\docker-java\docker-java-core\3.3.4\docker-java-core-3.3.4.jar;C:\Users\Martin\.m2\repository\com\github\docker-java\docker-java-api\3.3.4\docker-java-api-3.3.4.jar;C:\Users\Martin\.m2\repository\com\fasterxml\jackson\core\jackson-annotations\2.10.3\jackson-annotations-2.10.3.jar;C:\Users\Martin\.m2\repository\com\fasterxml\jackson\core\jackson-databind\2.10.3\jackson-databind-2.10.3.jar;C:\Users\Martin\.m2\repository\com\fasterxml\jackson\core\jackson-core\2.10.3\jackson-core-2.10.3.jar;C:\Users\Martin\.m2\repository\org\bouncycastle\bcpkix-jdk18on\1.76\bcpkix-jdk18on-1.76.jar;C:\Users\Martin\.m2\repository\org\bouncycastle\bcprov-jdk18on\1.76\bcprov-jdk18on-1.76.jar;C:\Users\Martin\.m2\repository\org\bouncycastle\bcutil-jdk18on\1.76\bcutil-jdk18on-1.76.jar;C:\Users\Martin\.m2\repository\org\slf4j\jcl-over-slf4j\1.7.30\jcl-over-slf4j-1.7.30.jar;C:\Users\Martin\.m2\repository\com\github\docker-java\docker-java-transport-httpclient5\3.3.4\docker-java-transport-httpclient5-3.3.4.jar;C:\Users\Martin\.m2\repository\com\github\docker-java\docker-java-transport\3.3.4\docker-java-transport-3.3.4.jar;C:\Users\Martin\.m2\repository\net\java\dev\jna\jna\5.13.0\jna-5.13.0.jar;C:\Users\Martin\.m2\repository\org\brotli\dec\0.1.2\dec-0.1.2.jar;C:\Users\Martin\.m2\repository\org\apache\commons\commons-lang3\3.13.0\commons-lang3-3.13.0.jar;C:\Users\Martin\.m2\repository\org\apache\commons\commons-compress\1.24.0\commons-compress-1.24.0.jar;C:\Users\Martin\.m2\repository\org\apache\httpcomponents\client5\httpclient5\5.2.1\httpclient5-5.2.1.jar;C:\Users\Martin\.m2\repository\org\apache\httpcomponents\core5\httpcore5\5.2\httpcore5-5.2.jar;C:\Users\Martin\.m2\repository\org\apache\httpcomponents\core5\httpcore5-h2\5.2\httpcore5-h2-5.2.jar;C:\Users\Martin\.m2\repository\org\apache\poi\poi\5.2.5\poi-5.2.5.jar;C:\Users\Martin\.m2\repository\commons-codec\commons-codec\1.16.0\commons-codec-1.16.0.jar;C:\Users\Martin\.m2\repository\org\apache\commons\commons-collections4\4.4\commons-collections4-4.4.jar;C:\Users\Martin\.m2\repository\org\apache\commons\commons-math3\3.6.1\commons-math3-3.6.1.jar;C:\Users\Martin\.m2\repository\commons-io\commons-io\2.15.0\commons-io-2.15.0.jar;C:\Users\Martin\.m2\repository\com\zaxxer\SparseBitSet\1.3\SparseBitSet-1.3.jar;C:\Users\Martin\.m2\repository\org\apache\logging\log4j\log4j-api\2.21.1\log4j-api-2.21.1.jar;C:\Users\Martin\.m2\repository\org\apache\poi\poi-ooxml\5.2.5\poi-ooxml-5.2.5.jar;C:\Users\Martin\.m2\repository\org\apache\poi\poi-ooxml-lite\5.2.5\poi-ooxml-lite-5.2.5.jar;C:\Users\Martin\.m2\repository\org\apache\xmlbeans\xmlbeans\5.2.0\xmlbeans-5.2.0.jar;C:\Users\Martin\.m2\repository\com\github\virtuald\curvesapi\1.08\curvesapi-1.08.jar;C:\Users\Martin\.m2\repository\org\uncommons\reportng\1.1.4\reportng-1.1.4.jar;C:\Users\Martin\.m2\repository\velocity\velocity\1.4\velocity-1.4.jar;C:\Users\Martin\.m2\repository\velocity\velocity-dep\1.4\velocity-dep-1.4.jar;C:\Users\Martin\.m2\repository\org\testng\testng\7.8.0\testng-7.8.0.jar;C:\Users\Martin\.m2\repository\com\beust\jcommander\1.82\jcommander-1.82.jar;C:\Users\Martin\.m2\repository\org\webjars\jquery\3.6.1\jquery-3.6.1.jar;C:\Users\Martin\.m2\repository\org\seleniumhq\selenium\selenium-java\4.15.0\selenium-java-4.15.0.jar;C:\Users\Martin\.m2\repository\org\seleniumhq\selenium\selenium-api\4.15.0\selenium-api-4.15.0.jar;C:\Users\Martin\.m2\repository\org\seleniumhq\selenium\selenium-chrome-driver\4.15.0\selenium-chrome-driver-4.15.0.jar;C:\Users\Martin\.m2\repository\com\google\auto\service\auto-service-annotations\1.1.1\auto-service-annotations-1.1.1.jar;C:\Users\Martin\.m2\repository\org\seleniumhq\selenium\selenium-chromium-driver\4.15.0\selenium-chromium-driver-4.15.0.jar;C:\Users\Martin\.m2\repository\org\seleniumhq\selenium\selenium-json\4.15.0\selenium-json-4.15.0.jar;C:\Users\Martin\.m2\repository\org\seleniumhq\selenium\selenium-manager\4.15.0\selenium-manager-4.15.0.jar;C:\Users\Martin\.m2\repository\org\seleniumhq\selenium\selenium-devtools-v117\4.15.0\selenium-devtools-v117-4.15.0.jar;C:\Users\Martin\.m2\repository\org\seleniumhq\selenium\selenium-devtools-v118\4.15.0\selenium-devtools-v118-4.15.0.jar;C:\Users\Martin\.m2\repository\org\seleniumhq\selenium\selenium-devtools-v119\4.15.0\selenium-devtools-v119-4.15.0.jar;C:\Users\Martin\.m2\repository\org\seleniumhq\selenium\selenium-devtools-v85\4.15.0\selenium-devtools-v85-4.15.0.jar;C:\Users\Martin\.m2\repository\org\seleniumhq\selenium\selenium-edge-driver\4.15.0\selenium-edge-driver-4.15.0.jar;C:\Users\Martin\.m2\repository\org\seleniumhq\selenium\selenium-firefox-driver\4.15.0\selenium-firefox-driver-4.15.0.jar;C:\Users\Martin\.m2\repository\org\seleniumhq\selenium\selenium-http\4.15.0\selenium-http-4.15.0.jar;C:\Users\Martin\.m2\repository\dev\failsafe\failsafe\3.3.2\failsafe-3.3.2.jar;C:\Users\Martin\.m2\repository\org\seleniumhq\selenium\selenium-ie-driver\4.15.0\selenium-ie-driver-4.15.0.jar;C:\Users\Martin\.m2\repository\org\seleniumhq\selenium\selenium-remote-driver\4.15.0\selenium-remote-driver-4.15.0.jar;C:\Users\Martin\.m2\repository\com\google\guava\guava\32.1.2-jre\guava-32.1.2-jre.jar;C:\Users\Martin\.m2\repository\com\google\guava\failureaccess\1.0.1\failureaccess-1.0.1.jar;C:\Users\Martin\.m2\repository\com\google\guava\listenablefuture\9999.0-empty-to-avoid-conflict-with-guava\listenablefuture-9999.0-empty-to-avoid-conflict-with-guava.jar;C:\Users\Martin\.m2\repository\com\google\code\findbugs\jsr305\3.0.2\jsr305-3.0.2.jar;C:\Users\Martin\.m2\repository\org\checkerframework\checker-qual\3.33.0\checker-qual-3.33.0.jar;C:\Users\Martin\.m2\repository\com\google\errorprone\error_prone_annotations\2.18.0\error_prone_annotations-2.18.0.jar;C:\Users\Martin\.m2\repository\com\google\j2objc\j2objc-annotations\2.8\j2objc-annotations-2.8.jar;C:\Users\Martin\.m2\repository\io\opentelemetry\opentelemetry-api\1.28.0\opentelemetry-api-1.28.0.jar;C:\Users\Martin\.m2\repository\io\opentelemetry\opentelemetry-context\1.28.0\opentelemetry-context-1.28.0.jar;C:\Users\Martin\.m2\repository\io\opentelemetry\opentelemetry-exporter-logging\1.28.0\opentelemetry-exporter-logging-1.28.0.jar;C:\Users\Martin\.m2\repository\io\opentelemetry\opentelemetry-sdk-metrics\1.28.0\opentelemetry-sdk-metrics-1.28.0.jar;C:\Users\Martin\.m2\repository\io\opentelemetry\opentelemetry-extension-incubator\1.28.0-alpha\opentelemetry-extension-incubator-1.28.0-alpha.jar;C:\Users\Martin\.m2\repository\io\opentelemetry\opentelemetry-sdk-logs\1.28.0\opentelemetry-sdk-logs-1.28.0.jar;C:\Users\Martin\.m2\repository\io\opentelemetry\opentelemetry-sdk-common\1.28.0\opentelemetry-sdk-common-1.28.0.jar;C:\Users\Martin\.m2\repository\io\opentelemetry\opentelemetry-sdk-extension-autoconfigure-spi\1.28.0\opentelemetry-sdk-extension-autoconfigure-spi-1.28.0.jar;C:\Users\Martin\.m2\repository\io\opentelemetry\opentelemetry-sdk-extension-autoconfigure\1.28.0\opentelemetry-sdk-extension-autoconfigure-1.28.0.jar;C:\Users\Martin\.m2\repository\io\opentelemetry\opentelemetry-api-events\1.28.0-alpha\opentelemetry-api-events-1.28.0-alpha.jar;C:\Users\Martin\.m2\repository\io\opentelemetry\opentelemetry-sdk-trace\1.28.0\opentelemetry-sdk-trace-1.28.0.jar;C:\Users\Martin\.m2\repository\io\opentelemetry\opentelemetry-sdk\1.28.0\opentelemetry-sdk-1.28.0.jar;C:\Users\Martin\.m2\repository\io\opentelemetry\opentelemetry-semconv\1.28.0-alpha\opentelemetry-semconv-1.28.0-alpha.jar;C:\Users\Martin\.m2\repository\net\bytebuddy\byte-buddy\1.14.5\byte-buddy-1.14.5.jar;C:\Users\Martin\.m2\repository\org\seleniumhq\selenium\selenium-os\4.15.0\selenium-os-4.15.0.jar;C:\Users\Martin\.m2\repository\org\apache\commons\commons-exec\1.3\commons-exec-1.3.jar;C:\Users\Martin\.m2\repository\org\seleniumhq\selenium\selenium-safari-driver\4.15.0\selenium-safari-driver-4.15.0.jar;C:\Users\Martin\.m2\repository\org\seleniumhq\selenium\selenium-support\4.15.0\selenium-support-4.15.0.jar;"/>
    <property name="java.vm.vendor" value="Oracle Corporation"/>
    <property name="sun.arch.data.model" value="64"/>
    <property name="user.variant" value=""/>
    <property name="java.vendor.url" value="https://java.oracle.com/"/>
    <property name="user.timezone" value="America/Buenos_Aires"/>
    <property name="os.name" value="Windows 10"/>
    <property name="java.vm.specification.version" value="21"/>
    <property name="sun.java.launcher" value="SUN_STANDARD"/>
    <property name="user.country" value="AR"/>
    <property name="sun.boot.library.path" value="C:\Program Files\Java\jdk-21\bin"/>
    <property name="sun.java.command" value="C:\Users\Martin\AppData\Local\Temp\surefire16736476877359565826\surefirebooter-20231204170727174_3.jar C:\Users\Martin\AppData\Local\Temp\surefire16736476877359565826 2023-12-04T17-07-26_988-jvmRun1 surefire-20231204170727174_1tmp surefire_0-20231204170727174_2tmp"/>
    <property name="jdk.debug" value="release"/>
    <property name="surefire.test.class.path" value="D:\Documentos\Practicas_Testing\Selenenium_WebDriver\Saucedemo_TestAutomationFramework\target\test-classes;D:\Documentos\Practicas_Testing\Selenenium_WebDriver\Saucedemo_TestAutomationFramework\target\classes;C:\Users\Martin\.m2\repository\org\apache\maven\plugins\maven-surefire-plugin\3.2.2\maven-surefire-plugin-3.2.2.jar;C:\Users\Martin\.m2\repository\org\apache\maven\surefire\maven-surefire-common\3.2.2\maven-surefire-common-3.2.2.jar;C:\Users\Martin\.m2\repository\org\apache\maven\surefire\surefire-api\3.2.2\surefire-api-3.2.2.jar;C:\Users\Martin\.m2\repository\org\apache\maven\surefire\surefire-logger-api\3.2.2\surefire-logger-api-3.2.2.jar;C:\Users\Martin\.m2\repository\org\apache\maven\surefire\surefire-extensions-api\3.2.2\surefire-extensions-api-3.2.2.jar;C:\Users\Martin\.m2\repository\org\apache\maven\surefire\surefire-booter\3.2.2\surefire-booter-3.2.2.jar;C:\Users\Martin\.m2\repository\org\apache\maven\surefire\surefire-extensions-spi\3.2.2\surefire-extensions-spi-3.2.2.jar;C:\Users\Martin\.m2\repository\org\eclipse\aether\aether-util\1.0.0.v20140518\aether-util-1.0.0.v20140518.jar;C:\Users\Martin\.m2\repository\org\eclipse\aether\aether-api\1.0.0.v20140518\aether-api-1.0.0.v20140518.jar;C:\Users\Martin\.m2\repository\org\apache\maven\shared\maven-common-artifact-filters\3.1.1\maven-common-artifact-filters-3.1.1.jar;C:\Users\Martin\.m2\repository\org\apache\maven\maven-artifact\3.1.0\maven-artifact-3.1.0.jar;C:\Users\Martin\.m2\repository\org\codehaus\plexus\plexus-utils\3.0.10\plexus-utils-3.0.10.jar;C:\Users\Martin\.m2\repository\org\apache\maven\maven-core\3.1.0\maven-core-3.1.0.jar;C:\Users\Martin\.m2\repository\org\apache\maven\maven-settings\3.1.0\maven-settings-3.1.0.jar;C:\Users\Martin\.m2\repository\org\apache\maven\maven-settings-builder\3.1.0\maven-settings-builder-3.1.0.jar;C:\Users\Martin\.m2\repository\org\apache\maven\maven-repository-metadata\3.1.0\maven-repository-metadata-3.1.0.jar;C:\Users\Martin\.m2\repository\org\apache\maven\maven-model-builder\3.1.0\maven-model-builder-3.1.0.jar;C:\Users\Martin\.m2\repository\org\apache\maven\maven-aether-provider\3.1.0\maven-aether-provider-3.1.0.jar;C:\Users\Martin\.m2\repository\org\eclipse\aether\aether-spi\0.9.0.M2\aether-spi-0.9.0.M2.jar;C:\Users\Martin\.m2\repository\org\eclipse\aether\aether-impl\0.9.0.M2\aether-impl-0.9.0.M2.jar;C:\Users\Martin\.m2\repository\org\eclipse\sisu\org.eclipse.sisu.plexus\0.0.0.M2a\org.eclipse.sisu.plexus-0.0.0.M2a.jar;C:\Users\Martin\.m2\repository\javax\enterprise\cdi-api\1.0\cdi-api-1.0.jar;C:\Users\Martin\.m2\repository\javax\annotation\jsr250-api\1.0\jsr250-api-1.0.jar;C:\Users\Martin\.m2\repository\javax\inject\javax.inject\1\javax.inject-1.jar;C:\Users\Martin\.m2\repository\org\sonatype\sisu\sisu-guice\3.1.0\sisu-guice-3.1.0-no_aop.jar;C:\Users\Martin\.m2\repository\aopalliance\aopalliance\1.0\aopalliance-1.0.jar;C:\Users\Martin\.m2\repository\org\eclipse\sisu\org.eclipse.sisu.inject\0.0.0.M2a\org.eclipse.sisu.inject-0.0.0.M2a.jar;C:\Users\Martin\.m2\repository\asm\asm\3.3.1\asm-3.3.1.jar;C:\Users\Martin\.m2\repository\org\codehaus\plexus\plexus-interpolation\1.16\plexus-interpolation-1.16.jar;C:\Users\Martin\.m2\repository\org\codehaus\plexus\plexus-classworlds\2.4.2\plexus-classworlds-2.4.2.jar;C:\Users\Martin\.m2\repository\org\codehaus\plexus\plexus-component-annotations\1.5.5\plexus-component-annotations-1.5.5.jar;C:\Users\Martin\.m2\repository\org\sonatype\plexus\plexus-sec-dispatcher\1.3\plexus-sec-dispatcher-1.3.jar;C:\Users\Martin\.m2\repository\org\sonatype\plexus\plexus-cipher\1.4\plexus-cipher-1.4.jar;C:\Users\Martin\.m2\repository\org\apache\maven\maven-plugin-api\3.1.0\maven-plugin-api-3.1.0.jar;C:\Users\Martin\.m2\repository\org\codehaus\plexus\plexus-java\1.2.0\plexus-java-1.2.0.jar;C:\Users\Martin\.m2\repository\org\ow2\asm\asm\9.6\asm-9.6.jar;C:\Users\Martin\.m2\repository\com\thoughtworks\qdox\qdox\2.0.3\qdox-2.0.3.jar;C:\Users\Martin\.m2\repository\org\apache\maven\surefire\surefire-shared-utils\3.2.2\surefire-shared-utils-3.2.2.jar;C:\Users\Martin\.m2\repository\com\aventstack\extentreports\5.1.1\extentreports-5.1.1.jar;C:\Users\Martin\.m2\repository\io\reactivex\rxjava3\rxjava\3.1.6\rxjava-3.1.6.jar;C:\Users\Martin\.m2\repository\org\reactivestreams\reactive-streams\1.0.4\reactive-streams-1.0.4.jar;C:\Users\Martin\.m2\repository\org\freemarker\freemarker\2.3.32\freemarker-2.3.32.jar;C:\Users\Martin\.m2\repository\org\projectlombok\lombok\1.18.26\lombok-1.18.26.jar;C:\Users\Martin\.m2\repository\com\google\code\gson\gson\2.10.1\gson-2.10.1.jar;C:\Users\Martin\.m2\repository\io\github\bonigarcia\webdrivermanager\5.6.2\webdrivermanager-5.6.2.jar;C:\Users\Martin\.m2\repository\org\slf4j\slf4j-api\2.0.9\slf4j-api-2.0.9.jar;C:\Users\Martin\.m2\repository\com\github\docker-java\docker-java\3.3.4\docker-java-3.3.4.jar;C:\Users\Martin\.m2\repository\com\github\docker-java\docker-java-core\3.3.4\docker-java-core-3.3.4.jar;C:\Users\Martin\.m2\repository\com\github\docker-java\docker-java-api\3.3.4\docker-java-api-3.3.4.jar;C:\Users\Martin\.m2\repository\com\fasterxml\jackson\core\jackson-annotations\2.10.3\jackson-annotations-2.10.3.jar;C:\Users\Martin\.m2\repository\com\fasterxml\jackson\core\jackson-databind\2.10.3\jackson-databind-2.10.3.jar;C:\Users\Martin\.m2\repository\com\fasterxml\jackson\core\jackson-core\2.10.3\jackson-core-2.10.3.jar;C:\Users\Martin\.m2\repository\org\bouncycastle\bcpkix-jdk18on\1.76\bcpkix-jdk18on-1.76.jar;C:\Users\Martin\.m2\repository\org\bouncycastle\bcprov-jdk18on\1.76\bcprov-jdk18on-1.76.jar;C:\Users\Martin\.m2\repository\org\bouncycastle\bcutil-jdk18on\1.76\bcutil-jdk18on-1.76.jar;C:\Users\Martin\.m2\repository\org\slf4j\jcl-over-slf4j\1.7.30\jcl-over-slf4j-1.7.30.jar;C:\Users\Martin\.m2\repository\com\github\docker-java\docker-java-transport-httpclient5\3.3.4\docker-java-transport-httpclient5-3.3.4.jar;C:\Users\Martin\.m2\repository\com\github\docker-java\docker-java-transport\3.3.4\docker-java-transport-3.3.4.jar;C:\Users\Martin\.m2\repository\net\java\dev\jna\jna\5.13.0\jna-5.13.0.jar;C:\Users\Martin\.m2\repository\org\brotli\dec\0.1.2\dec-0.1.2.jar;C:\Users\Martin\.m2\repository\org\apache\commons\commons-lang3\3.13.0\commons-lang3-3.13.0.jar;C:\Users\Martin\.m2\repository\org\apache\commons\commons-compress\1.24.0\commons-compress-1.24.0.jar;C:\Users\Martin\.m2\repository\org\apache\httpcomponents\client5\httpclient5\5.2.1\httpclient5-5.2.1.jar;C:\Users\Martin\.m2\repository\org\apache\httpcomponents\core5\httpcore5\5.2\httpcore5-5.2.jar;C:\Users\Martin\.m2\repository\org\apache\httpcomponents\core5\httpcore5-h2\5.2\httpcore5-h2-5.2.jar;C:\Users\Martin\.m2\repository\org\apache\poi\poi\5.2.5\poi-5.2.5.jar;C:\Users\Martin\.m2\repository\commons-codec\commons-codec\1.16.0\commons-codec-1.16.0.jar;C:\Users\Martin\.m2\repository\org\apache\commons\commons-collections4\4.4\commons-collections4-4.4.jar;C:\Users\Martin\.m2\repository\org\apache\commons\commons-math3\3.6.1\commons-math3-3.6.1.jar;C:\Users\Martin\.m2\repository\commons-io\commons-io\2.15.0\commons-io-2.15.0.jar;C:\Users\Martin\.m2\repository\com\zaxxer\SparseBitSet\1.3\SparseBitSet-1.3.jar;C:\Users\Martin\.m2\repository\org\apache\logging\log4j\log4j-api\2.21.1\log4j-api-2.21.1.jar;C:\Users\Martin\.m2\repository\org\apache\poi\poi-ooxml\5.2.5\poi-ooxml-5.2.5.jar;C:\Users\Martin\.m2\repository\org\apache\poi\poi-ooxml-lite\5.2.5\poi-ooxml-lite-5.2.5.jar;C:\Users\Martin\.m2\repository\org\apache\xmlbeans\xmlbeans\5.2.0\xmlbeans-5.2.0.jar;C:\Users\Martin\.m2\repository\com\github\virtuald\curvesapi\1.08\curvesapi-1.08.jar;C:\Users\Martin\.m2\repository\org\uncommons\reportng\1.1.4\reportng-1.1.4.jar;C:\Users\Martin\.m2\repository\velocity\velocity\1.4\velocity-1.4.jar;C:\Users\Martin\.m2\repository\velocity\velocity-dep\1.4\velocity-dep-1.4.jar;C:\Users\Martin\.m2\repository\org\testng\testng\7.8.0\testng-7.8.0.jar;C:\Users\Martin\.m2\repository\com\beust\jcommander\1.82\jcommander-1.82.jar;C:\Users\Martin\.m2\repository\org\webjars\jquery\3.6.1\jquery-3.6.1.jar;C:\Users\Martin\.m2\repository\org\seleniumhq\selenium\selenium-java\4.15.0\selenium-java-4.15.0.jar;C:\Users\Martin\.m2\repository\org\seleniumhq\selenium\selenium-api\4.15.0\selenium-api-4.15.0.jar;C:\Users\Martin\.m2\repository\org\seleniumhq\selenium\selenium-chrome-driver\4.15.0\selenium-chrome-driver-4.15.0.jar;C:\Users\Martin\.m2\repository\com\google\auto\service\auto-service-annotations\1.1.1\auto-service-annotations-1.1.1.jar;C:\Users\Martin\.m2\repository\org\seleniumhq\selenium\selenium-chromium-driver\4.15.0\selenium-chromium-driver-4.15.0.jar;C:\Users\Martin\.m2\repository\org\seleniumhq\selenium\selenium-json\4.15.0\selenium-json-4.15.0.jar;C:\Users\Martin\.m2\repository\org\seleniumhq\selenium\selenium-manager\4.15.0\selenium-manager-4.15.0.jar;C:\Users\Martin\.m2\repository\org\seleniumhq\selenium\selenium-devtools-v117\4.15.0\selenium-devtools-v117-4.15.0.jar;C:\Users\Martin\.m2\repository\org\seleniumhq\selenium\selenium-devtools-v118\4.15.0\selenium-devtools-v118-4.15.0.jar;C:\Users\Martin\.m2\repository\org\seleniumhq\selenium\selenium-devtools-v119\4.15.0\selenium-devtools-v119-4.15.0.jar;C:\Users\Martin\.m2\repository\org\seleniumhq\selenium\selenium-devtools-v85\4.15.0\selenium-devtools-v85-4.15.0.jar;C:\Users\Martin\.m2\repository\org\seleniumhq\selenium\selenium-edge-driver\4.15.0\selenium-edge-driver-4.15.0.jar;C:\Users\Martin\.m2\repository\org\seleniumhq\selenium\selenium-firefox-driver\4.15.0\selenium-firefox-driver-4.15.0.jar;C:\Users\Martin\.m2\repository\org\seleniumhq\selenium\selenium-http\4.15.0\selenium-http-4.15.0.jar;C:\Users\Martin\.m2\repository\dev\failsafe\failsafe\3.3.2\failsafe-3.3.2.jar;C:\Users\Martin\.m2\repository\org\seleniumhq\selenium\selenium-ie-driver\4.15.0\selenium-ie-driver-4.15.0.jar;C:\Users\Martin\.m2\repository\org\seleniumhq\selenium\selenium-remote-driver\4.15.0\selenium-remote-driver-4.15.0.jar;C:\Users\Martin\.m2\repository\com\google\guava\guava\32.1.2-jre\guava-32.1.2-jre.jar;C:\Users\Martin\.m2\repository\com\google\guava\failureaccess\1.0.1\failureaccess-1.0.1.jar;C:\Users\Martin\.m2\repository\com\google\guava\listenablefuture\9999.0-empty-to-avoid-conflict-with-guava\listenablefuture-9999.0-empty-to-avoid-conflict-with-guava.jar;C:\Users\Martin\.m2\repository\com\google\code\findbugs\jsr305\3.0.2\jsr305-3.0.2.jar;C:\Users\Martin\.m2\repository\org\checkerframework\checker-qual\3.33.0\checker-qual-3.33.0.jar;C:\Users\Martin\.m2\repository\com\google\errorprone\error_prone_annotations\2.18.0\error_prone_annotations-2.18.0.jar;C:\Users\Martin\.m2\repository\com\google\j2objc\j2objc-annotations\2.8\j2objc-annotations-2.8.jar;C:\Users\Martin\.m2\repository\io\opentelemetry\opentelemetry-api\1.28.0\opentelemetry-api-1.28.0.jar;C:\Users\Martin\.m2\repository\io\opentelemetry\opentelemetry-context\1.28.0\opentelemetry-context-1.28.0.jar;C:\Users\Martin\.m2\repository\io\opentelemetry\opentelemetry-exporter-logging\1.28.0\opentelemetry-exporter-logging-1.28.0.jar;C:\Users\Martin\.m2\repository\io\opentelemetry\opentelemetry-sdk-metrics\1.28.0\opentelemetry-sdk-metrics-1.28.0.jar;C:\Users\Martin\.m2\repository\io\opentelemetry\opentelemetry-extension-incubator\1.28.0-alpha\opentelemetry-extension-incubator-1.28.0-alpha.jar;C:\Users\Martin\.m2\repository\io\opentelemetry\opentelemetry-sdk-logs\1.28.0\opentelemetry-sdk-logs-1.28.0.jar;C:\Users\Martin\.m2\repository\io\opentelemetry\opentelemetry-sdk-common\1.28.0\opentelemetry-sdk-common-1.28.0.jar;C:\Users\Martin\.m2\repository\io\opentelemetry\opentelemetry-sdk-extension-autoconfigure-spi\1.28.0\opentelemetry-sdk-extension-autoconfigure-spi-1.28.0.jar;C:\Users\Martin\.m2\repository\io\opentelemetry\opentelemetry-sdk-extension-autoconfigure\1.28.0\opentelemetry-sdk-extension-autoconfigure-1.28.0.jar;C:\Users\Martin\.m2\repository\io\opentelemetry\opentelemetry-api-events\1.28.0-alpha\opentelemetry-api-events-1.28.0-alpha.jar;C:\Users\Martin\.m2\repository\io\opentelemetry\opentelemetry-sdk-trace\1.28.0\opentelemetry-sdk-trace-1.28.0.jar;C:\Users\Martin\.m2\repository\io\opentelemetry\opentelemetry-sdk\1.28.0\opentelemetry-sdk-1.28.0.jar;C:\Users\Martin\.m2\repository\io\opentelemetry\opentelemetry-semconv\1.28.0-alpha\opentelemetry-semconv-1.28.0-alpha.jar;C:\Users\Martin\.m2\repository\net\bytebuddy\byte-buddy\1.14.5\byte-buddy-1.14.5.jar;C:\Users\Martin\.m2\repository\org\seleniumhq\selenium\selenium-os\4.15.0\selenium-os-4.15.0.jar;C:\Users\Martin\.m2\repository\org\apache\commons\commons-exec\1.3\commons-exec-1.3.jar;C:\Users\Martin\.m2\repository\org\seleniumhq\selenium\selenium-safari-driver\4.15.0\selenium-safari-driver-4.15.0.jar;C:\Users\Martin\.m2\repository\org\seleniumhq\selenium\selenium-support\4.15.0\selenium-support-4.15.0.jar;"/>
    <property name="sun.cpu.endian" value="little"/>
    <property name="user.home" value="C:\Users\Martin"/>
    <property name="user.language" value="es"/>
    <property name="java.specification.vendor" value="Oracle Corporation"/>
    <property name="java.version.date" value="2023-10-17"/>
    <property name="java.home" value="C:\Program Files\Java\jdk-21"/>
    <property name="file.separator" value="\"/>
    <property name="basedir" value="D:\Documentos\Practicas_Testing\Selenenium_WebDriver\Saucedemo_TestAutomationFramework"/>
    <property name="java.vm.compressedOopsMode" value="Zero based"/>
    <property name="line.separator" value="&#10;"/>
    <property name="java.vm.specification.vendor" value="Oracle Corporation"/>
    <property name="java.specification.name" value="Java Platform API Specification"/>
    <property name="surefire.real.class.path" value="C:\Users\Martin\AppData\Local\Temp\surefire16736476877359565826\surefirebooter-20231204170727174_3.jar"/>
    <property name="user.script" value=""/>
    <property name="sun.management.compiler" value="HotSpot 64-Bit Tiered Compilers"/>
    <property name="java.runtime.version" value="21.0.1+12-LTS-29"/>
    <property name="webdriver.edge.driver" value="C:\Users\Martin\.cache\selenium\msedgedriver\win64\119.0.2151.97\msedgedriver.exe"/>
    <property name="user.name" value="Martin"/>
    <property name="stdout.encoding" value="Cp1252"/>
    <property name="path.separator" value=";"/>
    <property name="os.version" value="10.0"/>
    <property name="java.runtime.name" value="Java(TM) SE Runtime Environment"/>
    <property name="file.encoding" value="UTF-8"/>
    <property name="java.vm.name" value="Java HotSpot(TM) 64-Bit Server VM"/>
    <property name="localRepository" value="C:\Users\Martin\.m2\repository"/>
    <property name="java.vendor.url.bug" value="https://bugreport.java.com/bugreport/"/>
    <property name="java.io.tmpdir" value="C:\Users\Martin\AppData\Local\Temp\"/>
    <property name="java.version" value="21.0.1"/>
    <property name="user.dir" value="D:\Documentos\Practicas_Testing\Selenenium_WebDriver\Saucedemo_TestAutomationFramework"/>
    <property name="os.arch" value="amd64"/>
    <property name="webdriver.gecko.driver" value="C:\Users\Martin\.cache\selenium\geckodriver\win64\0.33.0\geckodriver.exe"/>
    <property name="java.vm.specification.name" value="Java Virtual Machine Specification"/>
    <property name="sun.os.patch.level" value=""/>
    <property name="native.encoding" value="Cp1252"/>
    <property name="java.library.path" value="C:\Program Files\Java\jdk-21\bin;C:\WINDOWS\Sun\Java\bin;C:\WINDOWS\system32;C:\WINDOWS;C:\Program Files\Common Files\Oracle\Java\javapath;C:\Program Files\Eclipse Adoptium\jdk-17.0.8.7-hotspot\bin;C:\Program Files\OpenJDK\jdk-11.0.16.8-hotspot\bin;C:\Program Files\Eclipse Adoptium\jdk-11.0.16.101-hotspot\bin;C:\Program Files (x86)\NVIDIA Corporation\PhysX\Common;C:\WINDOWS\system32;C:\WINDOWS;C:\WINDOWS\System32\Wbem;C:\WINDOWS\System32\WindowsPowerShell\v1.0\;C:\WINDOWS\System32\OpenSSH\;C:\Program Files\Git\cmd;C:\Program Files\swipl\bin;C:\ProgramData\chocolatey\bin;C:\gradle\bin;C:\apache-maven-3.9.4\apache-maven\src\bin;C:\apache-maven-3.9.4\bin;C:\Program Files\Pandoc\;C:\Program Files\Go\bin;C:\Program Files\nodejs\;C:\Ruby32-x64\bin;C:\Program Files\MySQL\MySQL Shell 8.0\bin\;C:\Users\Martin\AppData\Local\Programs\Python\Python310\Scripts\;C:\Users\Martin\AppData\Local\Programs\Python\Python310\;C:\Users\Martin\AppData\Roaming\local\bin;C:\Users\Martin\AppData\Local\Microsoft\WindowsApps;C:\Users\Martin\AppData\Local\Programs\Microsoft VS Code\bin;C:\Program Files (x86)\Nmap;C:\ghcup\bin;C:\Program Files\Java\jdk-21\bin;C:\Users\Martin\AppData\Local\Microsoft\WinGet\Packages\Hugo.Hugo.Extended_Microsoft.Winget.Source_8wekyb3d8bbwe;C:\Users\Martin\go\bin;C:\Users\Martin\AppData\Roaming\npm;."/>
    <property name="java.vm.info" value="mixed mode, sharing"/>
    <property name="stderr.encoding" value="Cp1252"/>
    <property name="java.vendor" value="Oracle Corporation"/>
    <property name="java.vm.version" value="21.0.1+12-LTS-29"/>
    <property name="sun.io.unicode.encoding" value="UnicodeLittle"/>
    <property name="java.class.version" value="65.0"/>
  </properties>
  <testcase name="CP001_LoginSuccesfull[standard_user, secret_sauce](1)" classname="tests.SauceDemoTest" time="1.665">
    <system-out><![CDATA[Archivo Excel encontrado en la ruta: ..\Saucedemo_TestAutomationFramework\Datos\Datos_IniciarSesion.xlsx
Lectura de datos Excel completada.
Swag Labs
]]></system-out>
    <system-err><![CDATA[SLF4J: No SLF4J providers were found.
SLF4J: Defaulting to no-operation (NOP) logger implementation
SLF4J: See https://www.slf4j.org/codes.html#noProviders for further details.
ERROR StatusLogger Log4j2 could not find a logging implementation. Please add log4j-core to the classpath. Using SimpleLogger to log to the console...
]]></system-err>
  </testcase>
  <testcase name="CP001_LoginSuccesfull[standard_user, secret_sauce](1)" classname="tests.SauceDemoTest" time="1.548">
    <system-out><![CDATA[DEBUG   17017   [freemark] (): Couldn't find template in cache for "spark/spark.spa.ftl"("es_AR", UTF-8, parsed); will try to load it.
DEBUG   17017   [freemark] (): TemplateLoader.findTemplateSource("spark/spark.spa_es_AR.ftl"): Not found
DEBUG   17017   [freemark] (): TemplateLoader.findTemplateSource("spark/spark.spa_es.ftl"): Not found
DEBUG   17017   [freemark] (): TemplateLoader.findTemplateSource("spark/spark.spa.ftl"): Found
DEBUG   17017   [freemark] (): Loading template for "spark/spark.spa.ftl"("es_AR", UTF-8, parsed) from "jar:file:/C:/Users/Martin/.m2/repository/com/aventstack/extentreports/5.1.1/extentreports-5.1.1.jar!/com/aventstack/extentreports/templates/spark/spark.spa.ftl"
DEBUG   17017   [freemark] (): Couldn't find template in cache for "commons/commons-variables.ftl"("es_AR", UTF-8, parsed); will try to load it.
DEBUG   17017   [freemark] (): TemplateLoader.findTemplateSource("commons/commons-variables_es_AR.ftl"): Not found
DEBUG   17017   [freemark] (): TemplateLoader.findTemplateSource("commons/commons-variables_es.ftl"): Not found
DEBUG   17017   [freemark] (): TemplateLoader.findTemplateSource("commons/commons-variables.ftl"): Found
DEBUG   17017   [freemark] (): Loading template for "commons/commons-variables.ftl"("es_AR", UTF-8, parsed) from "jar:file:/C:/Users/Martin/.m2/repository/com/aventstack/extentreports/5.1.1/extentreports-5.1.1.jar!/com/aventstack/extentreports/templates/commons/commons-variables.ftl"
DEBUG   17017   [freemark] (): Couldn't find template in cache for "commons/commons-macros.ftl"("es_AR", UTF-8, parsed); will try to load it.
DEBUG   17017   [freemark] (): TemplateLoader.findTemplateSource("commons/commons-macros_es_AR.ftl"): Not found
DEBUG   17017   [freemark] (): TemplateLoader.findTemplateSource("commons/commons-macros_es.ftl"): Not found
DEBUG   17017   [freemark] (): TemplateLoader.findTemplateSource("commons/commons-macros.ftl"): Found
DEBUG   17017   [freemark] (): Loading template for "commons/commons-macros.ftl"("es_AR", UTF-8, parsed) from "jar:file:/C:/Users/Martin/.m2/repository/com/aventstack/extentreports/5.1.1/extentreports-5.1.1.jar!/com/aventstack/extentreports/templates/commons/commons-macros.ftl"
DEBUG   17017   [freemark] (): Couldn't find template in cache for "spark/macros/attributes.ftl"("es_AR", UTF-8, parsed); will try to load it.
DEBUG   17017   [freemark] (): TemplateLoader.findTemplateSource("spark/macros/attributes_es_AR.ftl"): Not found
DEBUG   17017   [freemark] (): TemplateLoader.findTemplateSource("spark/macros/attributes_es.ftl"): Not found
DEBUG   17017   [freemark] (): TemplateLoader.findTemplateSource("spark/macros/attributes.ftl"): Found
DEBUG   17017   [freemark] (): Loading template for "spark/macros/attributes.ftl"("es_AR", UTF-8, parsed) from "jar:file:/C:/Users/Martin/.m2/repository/com/aventstack/extentreports/5.1.1/extentreports-5.1.1.jar!/com/aventstack/extentreports/templates/spark/macros/attributes.ftl"
DEBUG   17017   [freemark] (): Couldn't find template in cache for "spark/macros/log.ftl"("es_AR", UTF-8, parsed); will try to load it.
DEBUG   17017   [freemark] (): TemplateLoader.findTemplateSource("spark/macros/log_es_AR.ftl"): Not found
DEBUG   17017   [freemark] (): TemplateLoader.findTemplateSource("spark/macros/log_es.ftl"): Not found
DEBUG   17017   [freemark] (): TemplateLoader.findTemplateSource("spark/macros/log.ftl"): Found
DEBUG   17017   [freemark] (): Loading template for "spark/macros/log.ftl"("es_AR", UTF-8, parsed) from "jar:file:/C:/Users/Martin/.m2/repository/com/aventstack/extentreports/5.1.1/extentreports-5.1.1.jar!/com/aventstack/extentreports/templates/spark/macros/log.ftl"
DEBUG   17017   [freemark] (): Couldn't find template in cache for "spark/macros/recurse_nodes.ftl"("es_AR", UTF-8, parsed); will try to load it.
DEBUG   17017   [freemark] (): TemplateLoader.findTemplateSource("spark/macros/recurse_nodes_es_AR.ftl"): Not found
DEBUG   17017   [freemark] (): TemplateLoader.findTemplateSource("spark/macros/recurse_nodes_es.ftl"): Not found
DEBUG   17017   [freemark] (): TemplateLoader.findTemplateSource("spark/macros/recurse_nodes.ftl"): Found
DEBUG   17017   [freemark] (): Loading template for "spark/macros/recurse_nodes.ftl"("es_AR", UTF-8, parsed) from "jar:file:/C:/Users/Martin/.m2/repository/com/aventstack/extentreports/5.1.1/extentreports-5.1.1.jar!/com/aventstack/extentreports/templates/spark/macros/recurse_nodes.ftl"
DEBUG   17017   [freemark] (): "spark/macros/log.ftl"("es_AR", UTF-8, parsed) cached copy not yet stale; using cached.
DEBUG   17017   [freemark] (): Couldn't find template in cache for "spark/macros/attr-common.ftl"("es_AR", UTF-8, parsed); will try to load it.
DEBUG   17017   [freemark] (): TemplateLoader.findTemplateSource("spark/macros/attr-common_es_AR.ftl"): Not found
DEBUG   17017   [freemark] (): TemplateLoader.findTemplateSource("spark/macros/attr-common_es.ftl"): Not found
DEBUG   17017   [freemark] (): TemplateLoader.findTemplateSource("spark/macros/attr-common.ftl"): Found
DEBUG   17017   [freemark] (): Loading template for "spark/macros/attr-common.ftl"("es_AR", UTF-8, parsed) from "jar:file:/C:/Users/Martin/.m2/repository/com/aventstack/extentreports/5.1.1/extentreports-5.1.1.jar!/com/aventstack/extentreports/templates/spark/macros/attr-common.ftl"
DEBUG   17017   [freemark] (): Couldn't find template in cache for "spark/partials/head.ftl"("es_AR", UTF-8, parsed); will try to load it.
DEBUG   17017   [freemark] (): TemplateLoader.findTemplateSource("spark/partials/head_es_AR.ftl"): Not found
DEBUG   17017   [freemark] (): TemplateLoader.findTemplateSource("spark/partials/head_es.ftl"): Not found
DEBUG   17017   [freemark] (): TemplateLoader.findTemplateSource("spark/partials/head.ftl"): Found
DEBUG   17017   [freemark] (): Loading template for "spark/partials/head.ftl"("es_AR", UTF-8, parsed) from "jar:file:/C:/Users/Martin/.m2/repository/com/aventstack/extentreports/5.1.1/extentreports-5.1.1.jar!/com/aventstack/extentreports/templates/spark/partials/head.ftl"
DEBUG   17017   [freemark] (): Couldn't find template in cache for "commons/commons-inject-css.ftl"("es_AR", UTF-8, parsed); will try to load it.
DEBUG   17017   [freemark] (): TemplateLoader.findTemplateSource("commons/commons-inject-css_es_AR.ftl"): Not found
DEBUG   17017   [freemark] (): TemplateLoader.findTemplateSource("commons/commons-inject-css_es.ftl"): Not found
DEBUG   17017   [freemark] (): TemplateLoader.findTemplateSource("commons/commons-inject-css.ftl"): Found
DEBUG   17017   [freemark] (): Loading template for "commons/commons-inject-css.ftl"("es_AR", UTF-8, parsed) from "jar:file:/C:/Users/Martin/.m2/repository/com/aventstack/extentreports/5.1.1/extentreports-5.1.1.jar!/com/aventstack/extentreports/templates/commons/commons-inject-css.ftl"
DEBUG   17017   [freemark] (): Couldn't find template in cache for "spark/partials/navbar.ftl"("es_AR", UTF-8, parsed); will try to load it.
DEBUG   17017   [freemark] (): TemplateLoader.findTemplateSource("spark/partials/navbar_es_AR.ftl"): Not found
DEBUG   17017   [freemark] (): TemplateLoader.findTemplateSource("spark/partials/navbar_es.ftl"): Not found
DEBUG   17017   [freemark] (): TemplateLoader.findTemplateSource("spark/partials/navbar.ftl"): Found
DEBUG   17017   [freemark] (): Loading template for "spark/partials/navbar.ftl"("es_AR", UTF-8, parsed) from "jar:file:/C:/Users/Martin/.m2/repository/com/aventstack/extentreports/5.1.1/extentreports-5.1.1.jar!/com/aventstack/extentreports/templates/spark/partials/navbar.ftl"
DEBUG   17017   [freemark] (): Couldn't find template in cache for "spark/partials/sidenav.ftl"("es_AR", UTF-8, parsed); will try to load it.
DEBUG   17017   [freemark] (): TemplateLoader.findTemplateSource("spark/partials/sidenav_es_AR.ftl"): Not found
DEBUG   17017   [freemark] (): TemplateLoader.findTemplateSource("spark/partials/sidenav_es.ftl"): Not found
DEBUG   17017   [freemark] (): TemplateLoader.findTemplateSource("spark/partials/sidenav.ftl"): Found
DEBUG   17017   [freemark] (): Loading template for "spark/partials/sidenav.ftl"("es_AR", UTF-8, parsed) from "jar:file:/C:/Users/Martin/.m2/repository/com/aventstack/extentreports/5.1.1/extentreports-5.1.1.jar!/com/aventstack/extentreports/templates/spark/partials/sidenav.ftl"
DEBUG   17017   [freemark] (): Couldn't find template in cache for "spark/partials/test.ftl"("es_AR", UTF-8, parsed); will try to load it.
DEBUG   17017   [freemark] (): TemplateLoader.findTemplateSource("spark/partials/test_es_AR.ftl"): Not found
DEBUG   17017   [freemark] (): TemplateLoader.findTemplateSource("spark/partials/test_es.ftl"): Not found
DEBUG   17017   [freemark] (): TemplateLoader.findTemplateSource("spark/partials/test.ftl"): Found
DEBUG   17017   [freemark] (): Loading template for "spark/partials/test.ftl"("es_AR", UTF-8, parsed) from "jar:file:/C:/Users/Martin/.m2/repository/com/aventstack/extentreports/5.1.1/extentreports-5.1.1.jar!/com/aventstack/extentreports/templates/spark/partials/test.ftl"
DEBUG   17017   [freemark] (): Couldn't find template in cache for "spark/partials/standard-content.ftl"("es_AR", UTF-8, parsed); will try to load it.
DEBUG   17017   [freemark] (): TemplateLoader.findTemplateSource("spark/partials/standard-content_es_AR.ftl"): Not found
DEBUG   17017   [freemark] (): TemplateLoader.findTemplateSource("spark/partials/standard-content_es.ftl"): Not found
DEBUG   17017   [freemark] (): TemplateLoader.findTemplateSource("spark/partials/standard-content.ftl"): Found
DEBUG   17017   [freemark] (): Loading template for "spark/partials/standard-content.ftl"("es_AR", UTF-8, parsed) from "jar:file:/C:/Users/Martin/.m2/repository/com/aventstack/extentreports/5.1.1/extentreports-5.1.1.jar!/com/aventstack/extentreports/templates/spark/partials/standard-content.ftl"
DEBUG   17017   [freemark] (): "spark/partials/standard-content.ftl"("es_AR", UTF-8, parsed) cached copy not yet stale; using cached.
DEBUG   17017   [freemark] (): "spark/partials/standard-content.ftl"("es_AR", UTF-8, parsed) cached copy not yet stale; using cached.
DEBUG   17017   [freemark] (): "spark/partials/standard-content.ftl"("es_AR", UTF-8, parsed) cached copy not yet stale; using cached.
DEBUG   17017   [freemark] (): "spark/partials/standard-content.ftl"("es_AR", UTF-8, parsed) cached copy not yet stale; using cached.
DEBUG   17017   [freemark] (): Couldn't find template in cache for "spark/partials/exception.ftl"("es_AR", UTF-8, parsed); will try to load it.
DEBUG   17017   [freemark] (): TemplateLoader.findTemplateSource("spark/partials/exception_es_AR.ftl"): Not found
DEBUG   17017   [freemark] (): TemplateLoader.findTemplateSource("spark/partials/exception_es.ftl"): Not found
DEBUG   17017   [freemark] (): TemplateLoader.findTemplateSource("spark/partials/exception.ftl"): Found
DEBUG   17017   [freemark] (): Loading template for "spark/partials/exception.ftl"("es_AR", UTF-8, parsed) from "jar:file:/C:/Users/Martin/.m2/repository/com/aventstack/extentreports/5.1.1/extentreports-5.1.1.jar!/com/aventstack/extentreports/templates/spark/partials/exception.ftl"
DEBUG   17017   [freemark] (): Couldn't find template in cache for "spark/partials/category.ftl"("es_AR", UTF-8, parsed); will try to load it.
DEBUG   17017   [freemark] (): TemplateLoader.findTemplateSource("spark/partials/category_es_AR.ftl"): Not found
DEBUG   17017   [freemark] (): TemplateLoader.findTemplateSource("spark/partials/category_es.ftl"): Not found
DEBUG   17017   [freemark] (): TemplateLoader.findTemplateSource("spark/partials/category.ftl"): Found
DEBUG   17017   [freemark] (): Loading template for "spark/partials/category.ftl"("es_AR", UTF-8, parsed) from "jar:file:/C:/Users/Martin/.m2/repository/com/aventstack/extentreports/5.1.1/extentreports-5.1.1.jar!/com/aventstack/extentreports/templates/spark/partials/category.ftl"
DEBUG   17017   [freemark] (): Couldn't find template in cache for "spark/partials/device.ftl"("es_AR", UTF-8, parsed); will try to load it.
DEBUG   17017   [freemark] (): TemplateLoader.findTemplateSource("spark/partials/device_es_AR.ftl"): Not found
DEBUG   17017   [freemark] (): TemplateLoader.findTemplateSource("spark/partials/device_es.ftl"): Not found
DEBUG   17017   [freemark] (): TemplateLoader.findTemplateSource("spark/partials/device.ftl"): Found
DEBUG   17017   [freemark] (): Loading template for "spark/partials/device.ftl"("es_AR", UTF-8, parsed) from "jar:file:/C:/Users/Martin/.m2/repository/com/aventstack/extentreports/5.1.1/extentreports-5.1.1.jar!/com/aventstack/extentreports/templates/spark/partials/device.ftl"
DEBUG   17017   [freemark] (): Couldn't find template in cache for "spark/partials/author.ftl"("es_AR", UTF-8, parsed); will try to load it.
DEBUG   17017   [freemark] (): TemplateLoader.findTemplateSource("spark/partials/author_es_AR.ftl"): Not found
DEBUG   17017   [freemark] (): TemplateLoader.findTemplateSource("spark/partials/author_es.ftl"): Not found
DEBUG   17017   [freemark] (): TemplateLoader.findTemplateSource("spark/partials/author.ftl"): Found
DEBUG   17017   [freemark] (): Loading template for "spark/partials/author.ftl"("es_AR", UTF-8, parsed) from "jar:file:/C:/Users/Martin/.m2/repository/com/aventstack/extentreports/5.1.1/extentreports-5.1.1.jar!/com/aventstack/extentreports/templates/spark/partials/author.ftl"
DEBUG   17017   [freemark] (): Couldn't find template in cache for "spark/partials/log.ftl"("es_AR", UTF-8, parsed); will try to load it.
DEBUG   17017   [freemark] (): TemplateLoader.findTemplateSource("spark/partials/log_es_AR.ftl"): Not found
DEBUG   17017   [freemark] (): TemplateLoader.findTemplateSource("spark/partials/log_es.ftl"): Not found
DEBUG   17017   [freemark] (): TemplateLoader.findTemplateSource("spark/partials/log.ftl"): Found
DEBUG   17017   [freemark] (): Loading template for "spark/partials/log.ftl"("es_AR", UTF-8, parsed) from "jar:file:/C:/Users/Martin/.m2/repository/com/aventstack/extentreports/5.1.1/extentreports-5.1.1.jar!/com/aventstack/extentreports/templates/spark/partials/log.ftl"
DEBUG   17017   [freemark] (): Couldn't find template in cache for "spark/partials/dashboard.ftl"("es_AR", UTF-8, parsed); will try to load it.
DEBUG   17017   [freemark] (): TemplateLoader.findTemplateSource("spark/partials/dashboard_es_AR.ftl"): Not found
DEBUG   17017   [freemark] (): TemplateLoader.findTemplateSource("spark/partials/dashboard_es.ftl"): Not found
DEBUG   17017   [freemark] (): TemplateLoader.findTemplateSource("spark/partials/dashboard.ftl"): Found
DEBUG   17017   [freemark] (): Loading template for "spark/partials/dashboard.ftl"("es_AR", UTF-8, parsed) from "jar:file:/C:/Users/Martin/.m2/repository/com/aventstack/extentreports/5.1.1/extentreports-5.1.1.jar!/com/aventstack/extentreports/templates/spark/partials/dashboard.ftl"
DEBUG   17017   [freemark] (): Couldn't find template in cache for "spark/partials/scripts.ftl"("es_AR", UTF-8, parsed); will try to load it.
DEBUG   17017   [freemark] (): TemplateLoader.findTemplateSource("spark/partials/scripts_es_AR.ftl"): Not found
DEBUG   17017   [freemark] (): TemplateLoader.findTemplateSource("spark/partials/scripts_es.ftl"): Not found
DEBUG   17017   [freemark] (): TemplateLoader.findTemplateSource("spark/partials/scripts.ftl"): Found
DEBUG   17017   [freemark] (): Loading template for "spark/partials/scripts.ftl"("es_AR", UTF-8, parsed) from "jar:file:/C:/Users/Martin/.m2/repository/com/aventstack/extentreports/5.1.1/extentreports-5.1.1.jar!/com/aventstack/extentreports/templates/spark/partials/scripts.ftl"
DEBUG   17017   [freemark] (): Couldn't find template in cache for "commons/commons-inject-js.ftl"("es_AR", UTF-8, parsed); will try to load it.
DEBUG   17017   [freemark] (): TemplateLoader.findTemplateSource("commons/commons-inject-js_es_AR.ftl"): Not found
DEBUG   17017   [freemark] (): TemplateLoader.findTemplateSource("commons/commons-inject-js_es.ftl"): Not found
DEBUG   17017   [freemark] (): TemplateLoader.findTemplateSource("commons/commons-inject-js.ftl"): Found
DEBUG   17017   [freemark] (): Loading template for "commons/commons-inject-js.ftl"("es_AR", UTF-8, parsed) from "jar:file:/C:/Users/Martin/.m2/repository/com/aventstack/extentreports/5.1.1/extentreports-5.1.1.jar!/com/aventstack/extentreports/templates/commons/commons-inject-js.ftl"
Script finalizado
Archivo Excel encontrado en la ruta: ..\Saucedemo_TestAutomationFramework\Datos\Datos_IniciarSesion.xlsx
Lectura de datos Excel completada.
Swag Labs
]]></system-out>
  </testcase>
  <testcase name="CP001_LoginSuccesfull[standard_user, secret_sauce](1)" classname="tests.SauceDemoTest" time="1.875">
    <system-out><![CDATA[DEBUG   17017   [freemark] (): TemplateLoader.findTemplateSource("spark/spark.spa_es_AR.ftl"): Not found
DEBUG   17017   [freemark] (): TemplateLoader.findTemplateSource("spark/spark.spa_es.ftl"): Not found
DEBUG   17017   [freemark] (): TemplateLoader.findTemplateSource("spark/spark.spa.ftl"): Found
DEBUG   17017   [freemark] (): "spark/spark.spa.ftl"("es_AR", UTF-8, parsed): using cached since jar:file:/C:/Users/Martin/.m2/repository/com/aventstack/extentreports/5.1.1/extentreports-5.1.1.jar!/com/aventstack/extentreports/templates/spark/spark.spa.ftl hasn't changed.
DEBUG   17017   [freemark] (): TemplateLoader.findTemplateSource("commons/commons-variables_es_AR.ftl"): Not found
DEBUG   17017   [freemark] (): TemplateLoader.findTemplateSource("commons/commons-variables_es.ftl"): Not found
DEBUG   17017   [freemark] (): TemplateLoader.findTemplateSource("commons/commons-variables.ftl"): Found
DEBUG   17017   [freemark] (): "commons/commons-variables.ftl"("es_AR", UTF-8, parsed): using cached since jar:file:/C:/Users/Martin/.m2/repository/com/aventstack/extentreports/5.1.1/extentreports-5.1.1.jar!/com/aventstack/extentreports/templates/commons/commons-variables.ftl hasn't changed.
DEBUG   17017   [freemark] (): TemplateLoader.findTemplateSource("commons/commons-macros_es_AR.ftl"): Not found
DEBUG   17017   [freemark] (): TemplateLoader.findTemplateSource("commons/commons-macros_es.ftl"): Not found
DEBUG   17017   [freemark] (): TemplateLoader.findTemplateSource("commons/commons-macros.ftl"): Found
DEBUG   17017   [freemark] (): "commons/commons-macros.ftl"("es_AR", UTF-8, parsed): using cached since jar:file:/C:/Users/Martin/.m2/repository/com/aventstack/extentreports/5.1.1/extentreports-5.1.1.jar!/com/aventstack/extentreports/templates/commons/commons-macros.ftl hasn't changed.
DEBUG   17017   [freemark] (): TemplateLoader.findTemplateSource("spark/macros/attributes_es_AR.ftl"): Not found
DEBUG   17017   [freemark] (): TemplateLoader.findTemplateSource("spark/macros/attributes_es.ftl"): Not found
DEBUG   17017   [freemark] (): TemplateLoader.findTemplateSource("spark/macros/attributes.ftl"): Found
DEBUG   17017   [freemark] (): "spark/macros/attributes.ftl"("es_AR", UTF-8, parsed): using cached since jar:file:/C:/Users/Martin/.m2/repository/com/aventstack/extentreports/5.1.1/extentreports-5.1.1.jar!/com/aventstack/extentreports/templates/spark/macros/attributes.ftl hasn't changed.
DEBUG   17017   [freemark] (): TemplateLoader.findTemplateSource("spark/macros/log_es_AR.ftl"): Not found
DEBUG   17017   [freemark] (): TemplateLoader.findTemplateSource("spark/macros/log_es.ftl"): Not found
DEBUG   17017   [freemark] (): TemplateLoader.findTemplateSource("spark/macros/log.ftl"): Found
DEBUG   17017   [freemark] (): "spark/macros/log.ftl"("es_AR", UTF-8, parsed): using cached since jar:file:/C:/Users/Martin/.m2/repository/com/aventstack/extentreports/5.1.1/extentreports-5.1.1.jar!/com/aventstack/extentreports/templates/spark/macros/log.ftl hasn't changed.
DEBUG   17017   [freemark] (): TemplateLoader.findTemplateSource("spark/macros/recurse_nodes_es_AR.ftl"): Not found
DEBUG   17017   [freemark] (): TemplateLoader.findTemplateSource("spark/macros/recurse_nodes_es.ftl"): Not found
DEBUG   17017   [freemark] (): TemplateLoader.findTemplateSource("spark/macros/recurse_nodes.ftl"): Found
DEBUG   17017   [freemark] (): "spark/macros/recurse_nodes.ftl"("es_AR", UTF-8, parsed): using cached since jar:file:/C:/Users/Martin/.m2/repository/com/aventstack/extentreports/5.1.1/extentreports-5.1.1.jar!/com/aventstack/extentreports/templates/spark/macros/recurse_nodes.ftl hasn't changed.
DEBUG   17017   [freemark] (): "spark/macros/log.ftl"("es_AR", UTF-8, parsed) cached copy not yet stale; using cached.
DEBUG   17017   [freemark] (): TemplateLoader.findTemplateSource("spark/macros/attr-common_es_AR.ftl"): Not found
DEBUG   17017   [freemark] (): TemplateLoader.findTemplateSource("spark/macros/attr-common_es.ftl"): Not found
DEBUG   17017   [freemark] (): TemplateLoader.findTemplateSource("spark/macros/attr-common.ftl"): Found
DEBUG   17017   [freemark] (): "spark/macros/attr-common.ftl"("es_AR", UTF-8, parsed): using cached since jar:file:/C:/Users/Martin/.m2/repository/com/aventstack/extentreports/5.1.1/extentreports-5.1.1.jar!/com/aventstack/extentreports/templates/spark/macros/attr-common.ftl hasn't changed.
DEBUG   17017   [freemark] (): TemplateLoader.findTemplateSource("spark/partials/head_es_AR.ftl"): Not found
DEBUG   17017   [freemark] (): TemplateLoader.findTemplateSource("spark/partials/head_es.ftl"): Not found
DEBUG   17017   [freemark] (): TemplateLoader.findTemplateSource("spark/partials/head.ftl"): Found
DEBUG   17017   [freemark] (): "spark/partials/head.ftl"("es_AR", UTF-8, parsed): using cached since jar:file:/C:/Users/Martin/.m2/repository/com/aventstack/extentreports/5.1.1/extentreports-5.1.1.jar!/com/aventstack/extentreports/templates/spark/partials/head.ftl hasn't changed.
DEBUG   17017   [freemark] (): TemplateLoader.findTemplateSource("commons/commons-inject-css_es_AR.ftl"): Not found
DEBUG   17017   [freemark] (): TemplateLoader.findTemplateSource("commons/commons-inject-css_es.ftl"): Not found
DEBUG   17017   [freemark] (): TemplateLoader.findTemplateSource("commons/commons-inject-css.ftl"): Found
DEBUG   17017   [freemark] (): "commons/commons-inject-css.ftl"("es_AR", UTF-8, parsed): using cached since jar:file:/C:/Users/Martin/.m2/repository/com/aventstack/extentreports/5.1.1/extentreports-5.1.1.jar!/com/aventstack/extentreports/templates/commons/commons-inject-css.ftl hasn't changed.
DEBUG   17017   [freemark] (): TemplateLoader.findTemplateSource("spark/partials/navbar_es_AR.ftl"): Not found
DEBUG   17017   [freemark] (): TemplateLoader.findTemplateSource("spark/partials/navbar_es.ftl"): Not found
DEBUG   17017   [freemark] (): TemplateLoader.findTemplateSource("spark/partials/navbar.ftl"): Found
DEBUG   17017   [freemark] (): "spark/partials/navbar.ftl"("es_AR", UTF-8, parsed): using cached since jar:file:/C:/Users/Martin/.m2/repository/com/aventstack/extentreports/5.1.1/extentreports-5.1.1.jar!/com/aventstack/extentreports/templates/spark/partials/navbar.ftl hasn't changed.
DEBUG   17017   [freemark] (): TemplateLoader.findTemplateSource("spark/partials/sidenav_es_AR.ftl"): Not found
DEBUG   17017   [freemark] (): TemplateLoader.findTemplateSource("spark/partials/sidenav_es.ftl"): Not found
DEBUG   17017   [freemark] (): TemplateLoader.findTemplateSource("spark/partials/sidenav.ftl"): Found
DEBUG   17017   [freemark] (): "spark/partials/sidenav.ftl"("es_AR", UTF-8, parsed): using cached since jar:file:/C:/Users/Martin/.m2/repository/com/aventstack/extentreports/5.1.1/extentreports-5.1.1.jar!/com/aventstack/extentreports/templates/spark/partials/sidenav.ftl hasn't changed.
DEBUG   17017   [freemark] (): TemplateLoader.findTemplateSource("spark/partials/test_es_AR.ftl"): Not found
DEBUG   17017   [freemark] (): TemplateLoader.findTemplateSource("spark/partials/test_es.ftl"): Not found
DEBUG   17017   [freemark] (): TemplateLoader.findTemplateSource("spark/partials/test.ftl"): Found
DEBUG   17017   [freemark] (): "spark/partials/test.ftl"("es_AR", UTF-8, parsed): using cached since jar:file:/C:/Users/Martin/.m2/repository/com/aventstack/extentreports/5.1.1/extentreports-5.1.1.jar!/com/aventstack/extentreports/templates/spark/partials/test.ftl hasn't changed.
DEBUG   17017   [freemark] (): TemplateLoader.findTemplateSource("spark/partials/standard-content_es_AR.ftl"): Not found
DEBUG   17017   [freemark] (): TemplateLoader.findTemplateSource("spark/partials/standard-content_es.ftl"): Not found
DEBUG   17017   [freemark] (): TemplateLoader.findTemplateSource("spark/partials/standard-content.ftl"): Found
DEBUG   17017   [freemark] (): "spark/partials/standard-content.ftl"("es_AR", UTF-8, parsed): using cached since jar:file:/C:/Users/Martin/.m2/repository/com/aventstack/extentreports/5.1.1/extentreports-5.1.1.jar!/com/aventstack/extentreports/templates/spark/partials/standard-content.ftl hasn't changed.
DEBUG   17017   [freemark] (): "spark/partials/standard-content.ftl"("es_AR", UTF-8, parsed) cached copy not yet stale; using cached.
DEBUG   17017   [freemark] (): "spark/partials/standard-content.ftl"("es_AR", UTF-8, parsed) cached copy not yet stale; using cached.
DEBUG   17017   [freemark] (): "spark/partials/standard-content.ftl"("es_AR", UTF-8, parsed) cached copy not yet stale; using cached.
DEBUG   17017   [freemark] (): "spark/partials/standard-content.ftl"("es_AR", UTF-8, parsed) cached copy not yet stale; using cached.
DEBUG   17017   [freemark] (): "spark/partials/standard-content.ftl"("es_AR", UTF-8, parsed) cached copy not yet stale; using cached.
DEBUG   17017   [freemark] (): "spark/partials/standard-content.ftl"("es_AR", UTF-8, parsed) cached copy not yet stale; using cached.
DEBUG   17017   [freemark] (): "spark/partials/standard-content.ftl"("es_AR", UTF-8, parsed) cached copy not yet stale; using cached.
DEBUG   17017   [freemark] (): "spark/partials/standard-content.ftl"("es_AR", UTF-8, parsed) cached copy not yet stale; using cached.
DEBUG   17017   [freemark] (): "spark/partials/standard-content.ftl"("es_AR", UTF-8, parsed) cached copy not yet stale; using cached.
DEBUG   17017   [freemark] (): TemplateLoader.findTemplateSource("spark/partials/exception_es_AR.ftl"): Not found
DEBUG   17017   [freemark] (): TemplateLoader.findTemplateSource("spark/partials/exception_es.ftl"): Not found
DEBUG   17017   [freemark] (): TemplateLoader.findTemplateSource("spark/partials/exception.ftl"): Found
DEBUG   17017   [freemark] (): "spark/partials/exception.ftl"("es_AR", UTF-8, parsed): using cached since jar:file:/C:/Users/Martin/.m2/repository/com/aventstack/extentreports/5.1.1/extentreports-5.1.1.jar!/com/aventstack/extentreports/templates/spark/partials/exception.ftl hasn't changed.
DEBUG   17017   [freemark] (): TemplateLoader.findTemplateSource("spark/partials/category_es_AR.ftl"): Not found
DEBUG   17017   [freemark] (): TemplateLoader.findTemplateSource("spark/partials/category_es.ftl"): Not found
DEBUG   17017   [freemark] (): TemplateLoader.findTemplateSource("spark/partials/category.ftl"): Found
DEBUG   17017   [freemark] (): "spark/partials/category.ftl"("es_AR", UTF-8, parsed): using cached since jar:file:/C:/Users/Martin/.m2/repository/com/aventstack/extentreports/5.1.1/extentreports-5.1.1.jar!/com/aventstack/extentreports/templates/spark/partials/category.ftl hasn't changed.
DEBUG   17017   [freemark] (): TemplateLoader.findTemplateSource("spark/partials/device_es_AR.ftl"): Not found
DEBUG   17017   [freemark] (): TemplateLoader.findTemplateSource("spark/partials/device_es.ftl"): Not found
DEBUG   17017   [freemark] (): TemplateLoader.findTemplateSource("spark/partials/device.ftl"): Found
DEBUG   17017   [freemark] (): "spark/partials/device.ftl"("es_AR", UTF-8, parsed): using cached since jar:file:/C:/Users/Martin/.m2/repository/com/aventstack/extentreports/5.1.1/extentreports-5.1.1.jar!/com/aventstack/extentreports/templates/spark/partials/device.ftl hasn't changed.
DEBUG   17017   [freemark] (): TemplateLoader.findTemplateSource("spark/partials/author_es_AR.ftl"): Not found
DEBUG   17017   [freemark] (): TemplateLoader.findTemplateSource("spark/partials/author_es.ftl"): Not found
DEBUG   17017   [freemark] (): TemplateLoader.findTemplateSource("spark/partials/author.ftl"): Found
DEBUG   17017   [freemark] (): "spark/partials/author.ftl"("es_AR", UTF-8, parsed): using cached since jar:file:/C:/Users/Martin/.m2/repository/com/aventstack/extentreports/5.1.1/extentreports-5.1.1.jar!/com/aventstack/extentreports/templates/spark/partials/author.ftl hasn't changed.
DEBUG   17017   [freemark] (): TemplateLoader.findTemplateSource("spark/partials/log_es_AR.ftl"): Not found
DEBUG   17017   [freemark] (): TemplateLoader.findTemplateSource("spark/partials/log_es.ftl"): Not found
DEBUG   17017   [freemark] (): TemplateLoader.findTemplateSource("spark/partials/log.ftl"): Found
DEBUG   17017   [freemark] (): "spark/partials/log.ftl"("es_AR", UTF-8, parsed): using cached since jar:file:/C:/Users/Martin/.m2/repository/com/aventstack/extentreports/5.1.1/extentreports-5.1.1.jar!/com/aventstack/extentreports/templates/spark/partials/log.ftl hasn't changed.
DEBUG   17017   [freemark] (): TemplateLoader.findTemplateSource("spark/partials/dashboard_es_AR.ftl"): Not found
DEBUG   17017   [freemark] (): TemplateLoader.findTemplateSource("spark/partials/dashboard_es.ftl"): Not found
DEBUG   17017   [freemark] (): TemplateLoader.findTemplateSource("spark/partials/dashboard.ftl"): Found
DEBUG   17017   [freemark] (): "spark/partials/dashboard.ftl"("es_AR", UTF-8, parsed): using cached since jar:file:/C:/Users/Martin/.m2/repository/com/aventstack/extentreports/5.1.1/extentreports-5.1.1.jar!/com/aventstack/extentreports/templates/spark/partials/dashboard.ftl hasn't changed.
DEBUG   17017   [freemark] (): TemplateLoader.findTemplateSource("spark/partials/scripts_es_AR.ftl"): Not found
DEBUG   17017   [freemark] (): TemplateLoader.findTemplateSource("spark/partials/scripts_es.ftl"): Not found
DEBUG   17017   [freemark] (): TemplateLoader.findTemplateSource("spark/partials/scripts.ftl"): Found
DEBUG   17017   [freemark] (): "spark/partials/scripts.ftl"("es_AR", UTF-8, parsed): using cached since jar:file:/C:/Users/Martin/.m2/repository/com/aventstack/extentreports/5.1.1/extentreports-5.1.1.jar!/com/aventstack/extentreports/templates/spark/partials/scripts.ftl hasn't changed.
DEBUG   17017   [freemark] (): TemplateLoader.findTemplateSource("commons/commons-inject-js_es_AR.ftl"): Not found
DEBUG   17017   [freemark] (): TemplateLoader.findTemplateSource("commons/commons-inject-js_es.ftl"): Not found
DEBUG   17017   [freemark] (): TemplateLoader.findTemplateSource("commons/commons-inject-js.ftl"): Found
DEBUG   17017   [freemark] (): "commons/commons-inject-js.ftl"("es_AR", UTF-8, parsed): using cached since jar:file:/C:/Users/Martin/.m2/repository/com/aventstack/extentreports/5.1.1/extentreports-5.1.1.jar!/com/aventstack/extentreports/templates/commons/commons-inject-js.ftl hasn't changed.
Script finalizado
Archivo Excel encontrado en la ruta: ..\Saucedemo_TestAutomationFramework\Datos\Datos_IniciarSesion.xlsx
Lectura de datos Excel completada.
Swag Labs
]]></system-out>
  </testcase>
  <testcase name="CP002_LoginPassFail" classname="tests.SauceDemoTest" time="0.673">
    <system-out><![CDATA[Swag Labs
Inicio de sesión fallido: Epic sadface: Username and password do not match any user in this service
]]></system-out>
  </testcase>
  <testcase name="CP002_LoginPassFail" classname="tests.SauceDemoTest" time="0.744">
    <system-out><![CDATA[Swag Labs
Inicio de sesión fallido: Epic sadface: Username and password do not match any user in this service
]]></system-out>
  </testcase>
  <testcase name="CP002_LoginPassFail" classname="tests.SauceDemoTest" time="0.759">
    <system-out><![CDATA[Swag Labs
Inicio de sesión fallido: Epic sadface: Username and password do not match any user in this service
]]></system-out>
  </testcase>
  <testcase name="CP003_LoginInvalidUser" classname="tests.SauceDemoTest" time="0.667">
    <system-out><![CDATA[Swag Labs
Inicio de sesión fallido: Epic sadface: Username and password do not match any user in this service
]]></system-out>
  </testcase>
  <testcase name="CP003_LoginInvalidUser" classname="tests.SauceDemoTest" time="0.644">
    <system-out><![CDATA[Swag Labs
Inicio de sesión fallido: Epic sadface: Username and password do not match any user in this service
]]></system-out>
  </testcase>
  <testcase name="CP003_LoginInvalidUser" classname="tests.SauceDemoTest" time="0.706">
    <system-out><![CDATA[Swag Labs
Inicio de sesión fallido: Epic sadface: Username and password do not match any user in this service
]]></system-out>
  </testcase>
  <testcase name="CP005_MakePurchase" classname="tests.SauceDemoTest" time="3.619"/>
  <testcase name="CP005_MakePurchase" classname="tests.SauceDemoTest" time="3.456"/>
  <testcase name="CP005_MakePurchase" classname="tests.SauceDemoTest" time="3.648"/>
  <testcase name="CP004_LoginEmptyFields" classname="tests.SauceDemoTest" time="0.557">
    <system-out><![CDATA[Swag Labs
Inicio de sesión fallido: Epic sadface: Username is required
]]></system-out>
  </testcase>
  <testcase name="CP004_LoginEmptyFields" classname="tests.SauceDemoTest" time="0.533">
    <system-out><![CDATA[Swag Labs
Inicio de sesión fallido: Epic sadface: Username is required
]]></system-out>
  </testcase>
  <testcase name="CP004_LoginEmptyFields" classname="tests.SauceDemoTest" time="0.612">
    <system-out><![CDATA[Swag Labs
Inicio de sesión fallido: Epic sadface: Username is required
]]></system-out>
  </testcase>
</testsuite>