<?xml version="1.0" encoding="UTF-8"?>
<!-- Generated by org.testng.reporters.JUnitReportReporter -->
<testsuite hostname="HPCompaq6300-Melli11" failures="0" tests="1" name="testcase.MyFirstTest" time="0.550" errors="0" timestamp="2023-11-28T01:07:03 ART" skipped="0">
  <testcase classname="testcase.MyFirstTest" name="LoginTest" time="0.550"/>
</testsuite> <!-- testcase.MyFirstTest -->
