<?xml version="1.0" encoding="UTF-8"?>
<!-- Generated by org.testng.reporters.JUnitReportReporter -->
<testsuite hostname="HPCompaq6300-Melli11" failures="0" tests="1" name="pages.Login" time="0.020" errors="0" timestamp="2023-11-28T14:36:59 ART" skipped="0">
  <testcase classname="pages.Login" name="verify_title" time="0.020"/>
</testsuite> <!-- pages.Login -->
