<?xml version="1.0" encoding="UTF-8"?>
<!-- Generated by org.testng.reporters.JUnitReportReporter -->
<testsuite hostname="HPCompaq6300-Melli11" failures="0" tests="2" name="tests.SauceDemoTest" time="4.988" errors="0" timestamp="2023-12-04T16:11:43 ART" skipped="0">
  <testcase classname="tests.SauceDemoTest" name="CP005_MakePurchase" time="3.381"/>
  <testcase classname="tests.SauceDemoTest" name="CP001_LoginSuccesfull" time="1.607"/>
</testsuite> <!-- tests.SauceDemoTest -->
