<?xml version="1.0" encoding="UTF-8"?>
<!-- Generated by org.testng.reporters.JUnitReportReporter -->
<testsuite hostname="HPCompaq6300-Melli11" failures="0" tests="15" name="tests.SauceDemoTest" time="21.714" errors="0" timestamp="2023-12-04T17:08:15 ART" skipped="0">
  <testcase classname="tests.SauceDemoTest" name="CP001_LoginSuccesfull" time="1.664"/>
  <testcase classname="tests.SauceDemoTest" name="CP005_MakePurchase" time="3.455"/>
  <testcase classname="tests.SauceDemoTest" name="CP001_LoginSuccesfull" time="1.884"/>
  <testcase classname="tests.SauceDemoTest" name="CP002_LoginPassFail" time="0.674"/>
  <testcase classname="tests.SauceDemoTest" name="CP003_LoginInvalidUser" time="0.668"/>
  <testcase classname="tests.SauceDemoTest" name="CP001_LoginSuccesfull" time="1.551"/>
  <testcase classname="tests.SauceDemoTest" name="CP002_LoginPassFail" time="0.741"/>
  <testcase classname="tests.SauceDemoTest" name="CP002_LoginPassFail" time="0.759"/>
  <testcase classname="tests.SauceDemoTest" name="CP003_LoginInvalidUser" time="0.705"/>
  <testcase classname="tests.SauceDemoTest" name="CP005_MakePurchase" time="3.618"/>
  <testcase classname="tests.SauceDemoTest" name="CP005_MakePurchase" time="3.648"/>
  <testcase classname="tests.SauceDemoTest" name="CP003_LoginInvalidUser" time="0.643"/>
  <testcase classname="tests.SauceDemoTest" name="CP004_LoginEmptyFields" time="0.612"/>
  <testcase classname="tests.SauceDemoTest" name="CP004_LoginEmptyFields" time="0.534"/>
  <testcase classname="tests.SauceDemoTest" name="CP004_LoginEmptyFields" time="0.558"/>
</testsuite> <!-- tests.SauceDemoTest -->
